<?xml version="1.0" encoding="UTF-8"?>
<!-- Generated by org.testng.reporters.JUnitXMLReporter -->
<testsuite hostname="LAPTOP-91J108P6" ignored="0" name="Sanity Test" tests="2" failures="0" timestamp="2022-12-13T20:50:02 GMT" time="26.35" errors="0">
  <testcase name="userShouldNavigateToForgotPasswordPageSuccessfully" time="2.166" classname="com.orangehrm.demo.testsuite.ForgotPasswordTest"/>
  <testcase name="userShouldLoginSuccessfullyWithValidCredentials" time="2.884" classname="com.orangehrm.demo.testsuite.LoginPageTest"/>
</testsuite> <!-- Sanity Test -->
