<?xml version="1.0" encoding="UTF-8"?>
<!-- Generated by org.testng.reporters.JUnitXMLReporter -->
<testsuite hostname="LAPTOP-91J108P6" ignored="0" name="project-6-pagefactory-com-orangehrm-mitali" tests="1" failures="1" timestamp="2022-12-11T23:31:38 GMT" time="19.697" errors="0">
  <testcase name="userShouldLoginSuccessfullyWithValidCredentials" time="0.033" classname="com.orangehrm.demo.testsuite.LoginPageTest">
    <failure type="java.lang.NullPointerException">
      <![CDATA[java.lang.NullPointerException
at com.orangehrm.demo.utility.Utility.sendTextToElement(Utility.java:73)
at com.orangehrm.demo.pages.LoginPage.usernameField(LoginPage.java:36)
at com.orangehrm.demo.testsuite.LoginPageTest.userShouldLoginSuccessfullyWithValidCredentials(LoginPageTest.java:27)
at java.util.ArrayList.forEach(ArrayList.java:1257)
at com.intellij.rt.testng.IDEARemoteTestNG.run(IDEARemoteTestNG.java:66)
at com.intellij.rt.testng.RemoteTestNGStarter.main(RemoteTestNGStarter.java:109)
... Removed 24 stack frames]]>
    </failure>
  </testcase> <!-- userShouldLoginSuccessfullyWithValidCredentials -->
</testsuite> <!-- project-6-pagefactory-com-orangehrm-mitali -->
