<?xml version="1.0" encoding="UTF-8"?>
<!-- Generated by org.testng.reporters.JUnitXMLReporter -->
<testsuite hostname="LAPTOP-91J108P6" ignored="0" name="regression Test" tests="2" failures="0" timestamp="2022-12-13T23:22:56 GMT" time="12.275" errors="0">
  <testcase name="userShouldNavigateToForgotPasswordPageSuccessfully" time="0.841" classname="com.orangehrm.demo.testsuite.ForgotPasswordTest"/>
  <testcase name="userShouldLoginSuccessfullyWithValidCredentials" time="1.58" classname="com.orangehrm.demo.testsuite.LoginPageTest"/>
</testsuite> <!-- regression Test -->
