<?xml version="1.0" encoding="UTF-8"?>
<testng-results skipped="0" failed="0" ignored="0" total="2" passed="2">
  <reporter-output>
    <line>
      <![CDATA[clicking on Forgot Password button : [[ChromeDriver: chrome on WINDOWS (577dbaba3ed128135bd25a8fcd901cbc)] -> xpath: //p[contains(@class,'-forgot-header')]]]]>
    </line>
    <line>
      <![CDATA[Getting Message : [[ChromeDriver: chrome on WINDOWS (577dbaba3ed128135bd25a8fcd901cbc)] -> xpath: //h6[contains(@class,'forgot-password-title')]]]]>
    </line>
    <line>
      <![CDATA[Sending text to Username field : Admin]]>
    </line>
    <line>
      <![CDATA[Sending text to Username field : admin123]]>
    </line>
    <line>
      <![CDATA[clicking on login button : [[ChromeDriver: chrome on WINDOWS (a93914f8a7307b378af0db03cb8998e0)] -> xpath: //button[@type='submit']]]]>
    </line>
    <line>
      <![CDATA[Getting dashboard message : [[ChromeDriver: chrome on WINDOWS (a93914f8a7307b378af0db03cb8998e0)] -> xpath: //h6[contains(@class,'header-breadcrumb-module')]]]]>
    </line>
  </reporter-output>
  <suite name="Regression Test Suite" duration-ms="12275" started-at="2022-12-13T23:22:44 GMT" finished-at="2022-12-13T23:22:56 GMT">
    <groups>
      <group name="regression">
        <method signature="ForgotPasswordTest.userShouldNavigateToForgotPasswordPageSuccessfully()[pri:0, instance:com.orangehrm.demo.testsuite.ForgotPasswordTest@7276c8cd]" name="userShouldNavigateToForgotPasswordPageSuccessfully" class="com.orangehrm.demo.testsuite.ForgotPasswordTest"/>
        <method signature="LoginPageTest.userShouldLoginSuccessfullyWithValidCredentials()[pri:0, instance:com.orangehrm.demo.testsuite.LoginPageTest@5fdba6f9]" name="userShouldLoginSuccessfullyWithValidCredentials" class="com.orangehrm.demo.testsuite.LoginPageTest"/>
      </group> <!-- regression -->
      <group name="smoke">
        <method signature="LoginPageTest.userShouldLoginSuccessfullyWithValidCredentials()[pri:0, instance:com.orangehrm.demo.testsuite.LoginPageTest@5fdba6f9]" name="userShouldLoginSuccessfullyWithValidCredentials" class="com.orangehrm.demo.testsuite.LoginPageTest"/>
      </group> <!-- smoke -->
      <group name="sanity">
        <method signature="ForgotPasswordTest.userShouldNavigateToForgotPasswordPageSuccessfully()[pri:0, instance:com.orangehrm.demo.testsuite.ForgotPasswordTest@7276c8cd]" name="userShouldNavigateToForgotPasswordPageSuccessfully" class="com.orangehrm.demo.testsuite.ForgotPasswordTest"/>
      </group> <!-- sanity -->
    </groups>
    <test name="regression Test" duration-ms="12275" started-at="2022-12-13T23:22:44 GMT" finished-at="2022-12-13T23:22:56 GMT">
      <class name="com.orangehrm.demo.testsuite.LoginPageTest">
        <test-method status="PASS" signature="setUp()[pri:0, instance:com.orangehrm.demo.testsuite.LoginPageTest@5fdba6f9]" name="setUp" is-config="true" duration-ms="3114" started-at="2022-12-13T23:22:51 GMT" finished-at="2022-12-13T23:22:54 GMT">
          <reporter-output>
          </reporter-output>
        </test-method> <!-- setUp -->
        <test-method status="PASS" signature="inIt()[pri:0, instance:com.orangehrm.demo.testsuite.LoginPageTest@5fdba6f9]" name="inIt" is-config="true" duration-ms="1" started-at="2022-12-13T23:22:54 GMT" finished-at="2022-12-13T23:22:54 GMT">
          <reporter-output>
          </reporter-output>
        </test-method> <!-- inIt -->
        <test-method status="PASS" signature="userShouldLoginSuccessfullyWithValidCredentials()[pri:0, instance:com.orangehrm.demo.testsuite.LoginPageTest@5fdba6f9]" name="userShouldLoginSuccessfullyWithValidCredentials" duration-ms="1580" started-at="2022-12-13T23:22:54 GMT" finished-at="2022-12-13T23:22:56 GMT">
          <reporter-output>
            <line>
              <![CDATA[Sending text to Username field : Admin]]>
            </line>
            <line>
              <![CDATA[Sending text to Username field : admin123]]>
            </line>
            <line>
              <![CDATA[clicking on login button : [[ChromeDriver: chrome on WINDOWS (a93914f8a7307b378af0db03cb8998e0)] -> xpath: //button[@type='submit']]]]>
            </line>
            <line>
              <![CDATA[Getting dashboard message : [[ChromeDriver: chrome on WINDOWS (a93914f8a7307b378af0db03cb8998e0)] -> xpath: //h6[contains(@class,'header-breadcrumb-module')]]]]>
            </line>
          </reporter-output>
        </test-method> <!-- userShouldLoginSuccessfullyWithValidCredentials -->
        <test-method status="PASS" signature="tearDown()[pri:0, instance:com.orangehrm.demo.testsuite.LoginPageTest@5fdba6f9]" name="tearDown" is-config="true" duration-ms="742" started-at="2022-12-13T23:22:56 GMT" finished-at="2022-12-13T23:22:56 GMT">
          <reporter-output>
          </reporter-output>
        </test-method> <!-- tearDown -->
      </class> <!-- com.orangehrm.demo.testsuite.LoginPageTest -->
      <class name="com.orangehrm.demo.testsuite.ForgotPasswordTest">
        <test-method status="PASS" signature="setUp()[pri:0, instance:com.orangehrm.demo.testsuite.ForgotPasswordTest@7276c8cd]" name="setUp" is-config="true" duration-ms="4812" started-at="2022-12-13T23:22:44 GMT" finished-at="2022-12-13T23:22:49 GMT">
          <reporter-output>
          </reporter-output>
        </test-method> <!-- setUp -->
        <test-method status="PASS" signature="inIt()[pri:0, instance:com.orangehrm.demo.testsuite.ForgotPasswordTest@7276c8cd]" name="inIt" is-config="true" duration-ms="26" started-at="2022-12-13T23:22:49 GMT" finished-at="2022-12-13T23:22:49 GMT">
          <reporter-output>
          </reporter-output>
        </test-method> <!-- inIt -->
        <test-method status="PASS" signature="userShouldNavigateToForgotPasswordPageSuccessfully()[pri:0, instance:com.orangehrm.demo.testsuite.ForgotPasswordTest@7276c8cd]" name="userShouldNavigateToForgotPasswordPageSuccessfully" duration-ms="841" started-at="2022-12-13T23:22:49 GMT" finished-at="2022-12-13T23:22:50 GMT">
          <reporter-output>
            <line>
              <![CDATA[clicking on Forgot Password button : [[ChromeDriver: chrome on WINDOWS (577dbaba3ed128135bd25a8fcd901cbc)] -> xpath: //p[contains(@class,'-forgot-header')]]]]>
            </line>
            <line>
              <![CDATA[Getting Message : [[ChromeDriver: chrome on WINDOWS (577dbaba3ed128135bd25a8fcd901cbc)] -> xpath: //h6[contains(@class,'forgot-password-title')]]]]>
            </line>
          </reporter-output>
        </test-method> <!-- userShouldNavigateToForgotPasswordPageSuccessfully -->
        <test-method status="PASS" signature="tearDown()[pri:0, instance:com.orangehrm.demo.testsuite.ForgotPasswordTest@7276c8cd]" name="tearDown" is-config="true" duration-ms="786" started-at="2022-12-13T23:22:50 GMT" finished-at="2022-12-13T23:22:51 GMT">
          <reporter-output>
          </reporter-output>
        </test-method> <!-- tearDown -->
      </class> <!-- com.orangehrm.demo.testsuite.ForgotPasswordTest -->
    </test> <!-- regression Test -->
  </suite> <!-- Regression Test Suite -->
</testng-results>
