<?xml version="1.0" encoding="UTF-8"?>
<!-- Generated by org.testng.reporters.JUnitXMLReporter -->
<testsuite hostname="LAPTOP-91J108P6" ignored="0" name="Login Test" tests="2" failures="0" timestamp="2022-12-12T12:40:43 GMT" time="26.921" errors="0">
  <testcase name="userShouldLoginSuccessfullyWithValidCredentials" time="2.905" classname="com.orangehrm.demo.testsuite.LoginPageTest"/>
  <testcase name="userShouldNavigateToForgotPasswordPageSuccessfully" time="1.959" classname="com.orangehrm.demo.testsuite.ForgotPasswordTest"/>
</testsuite> <!-- Login Test -->
